<?xml version="1.0" encoding="UTF-8"?>
<!-- Generated by org.testng.reporters.JUnitReportReporter -->
<testsuite hostname="Saikrishna" name="jenkinsdemotest.SuiteOne" tests="3" failures="0" timestamp="1 Sep 2016 21:35:00 GMT" time="0.008" errors="0">
  <testcase name="subTest" time="0.001" classname="jenkinsdemotest.SuiteOne"/>
  <testcase name="mulTest" time="0.001" classname="jenkinsdemotest.SuiteOne"/>
  <testcase name="addTest" time="0.006" classname="jenkinsdemotest.SuiteOne"/>
</testsuite> <!-- jenkinsdemotest.SuiteOne -->
